19-May-2018 06:09:43.546 심각 [http-nio-80-exec-5] org.apache.coyote.http11.Http11Processor.service Error processing request
 java.lang.NullPointerException
	at org.apache.tomcat.util.buf.CharChunk.append(CharChunk.java:256)
	at org.apache.catalina.mapper.Mapper.map(Mapper.java:695)
	at org.apache.catalina.connector.CoyoteAdapter.postParseRequest(CoyoteAdapter.java:671)
	at org.apache.catalina.connector.CoyoteAdapter.service(CoyoteAdapter.java:336)
	at org.apache.coyote.http11.Http11Processor.service(Http11Processor.java:409)
	at org.apache.coyote.AbstractProcessorLight.process(AbstractProcessorLight.java:66)
	at org.apache.coyote.AbstractProtocol$ConnectionHandler.process(AbstractProtocol.java:754)
	at org.apache.tomcat.util.net.NioEndpoint$SocketProcessor.doRun(NioEndpoint.java:1376)
	at org.apache.tomcat.util.net.SocketProcessorBase.run(SocketProcessorBase.java:49)
	at java.util.concurrent.ThreadPoolExecutor.runWorker(ThreadPoolExecutor.java:1149)
	at java.util.concurrent.ThreadPoolExecutor$Worker.run(ThreadPoolExecutor.java:624)
	at org.apache.tomcat.util.threads.TaskThread$WrappingRunnable.run(TaskThread.java:61)
	at java.lang.Thread.run(Thread.java:748)

19-May-2018 10:44:04.009 정보 [http-nio-80-exec-9] org.apache.coyote.http11.Http11Processor.service Error parsing HTTP request header
 Note: further occurrences of HTTP request parsing errors will be logged at DEBUG level.
 java.lang.IllegalArgumentException: Invalid character found in method name. HTTP method names must be tokens
	at org.apache.coyote.http11.Http11InputBuffer.parseRequestLine(Http11InputBuffer.java:410)
	at org.apache.coyote.http11.Http11Processor.service(Http11Processor.java:291)
	at org.apache.coyote.AbstractProcessorLight.process(AbstractProcessorLight.java:66)
	at org.apache.coyote.AbstractProtocol$ConnectionHandler.process(AbstractProtocol.java:754)
	at org.apache.tomcat.util.net.NioEndpoint$SocketProcessor.doRun(NioEndpoint.java:1376)
	at org.apache.tomcat.util.net.SocketProcessorBase.run(SocketProcessorBase.java:49)
	at java.util.concurrent.ThreadPoolExecutor.runWorker(ThreadPoolExecutor.java:1149)
	at java.util.concurrent.ThreadPoolExecutor$Worker.run(ThreadPoolExecutor.java:624)
	at org.apache.tomcat.util.threads.TaskThread$WrappingRunnable.run(TaskThread.java:61)
	at java.lang.Thread.run(Thread.java:748)

19-May-2018 12:14:56.608 심각 [http-nio-80-exec-9] org.apache.coyote.http11.Http11Processor.service Error processing request
 java.lang.NullPointerException
	at org.apache.tomcat.util.buf.CharChunk.append(CharChunk.java:256)
	at org.apache.catalina.mapper.Mapper.map(Mapper.java:695)
	at org.apache.catalina.connector.CoyoteAdapter.postParseRequest(CoyoteAdapter.java:671)
	at org.apache.catalina.connector.CoyoteAdapter.service(CoyoteAdapter.java:336)
	at org.apache.coyote.http11.Http11Processor.service(Http11Processor.java:409)
	at org.apache.coyote.AbstractProcessorLight.process(AbstractProcessorLight.java:66)
	at org.apache.coyote.AbstractProtocol$ConnectionHandler.process(AbstractProtocol.java:754)
	at org.apache.tomcat.util.net.NioEndpoint$SocketProcessor.doRun(NioEndpoint.java:1376)
	at org.apache.tomcat.util.net.SocketProcessorBase.run(SocketProcessorBase.java:49)
	at java.util.concurrent.ThreadPoolExecutor.runWorker(ThreadPoolExecutor.java:1149)
	at java.util.concurrent.ThreadPoolExecutor$Worker.run(ThreadPoolExecutor.java:624)
	at org.apache.tomcat.util.threads.TaskThread$WrappingRunnable.run(TaskThread.java:61)
	at java.lang.Thread.run(Thread.java:748)

19-May-2018 12:36:53.800 정보 [main] org.apache.catalina.core.StandardServer.await A valid shutdown command was received via the shutdown port. Stopping the Server instance.
19-May-2018 12:36:53.800 정보 [main] org.apache.coyote.AbstractProtocol.pause Pausing ProtocolHandler ["http-nio-80"]
19-May-2018 12:36:54.003 정보 [main] org.apache.coyote.AbstractProtocol.pause Pausing ProtocolHandler ["ajp-nio-8009"]
19-May-2018 12:36:54.174 정보 [main] org.apache.catalina.core.StandardService.stopInternal Stopping service [Catalina]
19-May-2018 12:36:54.174 정보 [main] org.apache.catalina.core.ApplicationContext.log Destroying Spring FrameworkServlet 'action'
19-May-2018 12:36:54.174 정보 [main] org.springframework.web.context.support.XmlWebApplicationContext.doClose Closing WebApplicationContext for namespace 'action-servlet': startup date [Fri May 18 02:55:37 JST 2018]; parent: Root WebApplicationContext
19-May-2018 12:36:54.190 정보 [main] org.apache.catalina.core.ApplicationContext.log Closing Spring root WebApplicationContext
19-May-2018 12:36:54.190 정보 [main] org.springframework.web.context.support.XmlWebApplicationContext.doClose Closing Root WebApplicationContext: startup date [Fri May 18 02:55:34 JST 2018]; root of context hierarchy
19-May-2018 12:36:54.205 경고 [main] org.apache.catalina.loader.WebappClassLoaderBase.clearReferencesJdbc The web application [ROOT] registered the JDBC driver [net.sourceforge.jtds.jdbc.Driver] but failed to unregister it when the web application was stopped. To prevent a memory leak, the JDBC Driver has been forcibly unregistered.
19-May-2018 12:36:54.221 경고 [main] org.apache.catalina.loader.WebappClassLoaderBase.clearReferencesThreads The web application [ROOT] appears to have started a thread named [Timer-0] but has failed to stop it. This is very likely to create a memory leak. Stack trace of thread:
 java.lang.Object.wait(Native Method)
 java.util.TimerThread.mainLoop(Timer.java:552)
 java.util.TimerThread.run(Timer.java:505)
19-May-2018 12:36:54.237 정보 [main] org.apache.catalina.core.ApplicationContext.log Destroying Spring FrameworkServlet 'action'
19-May-2018 12:36:54.237 정보 [main] org.springframework.web.context.support.XmlWebApplicationContext.doClose Closing WebApplicationContext for namespace 'action-servlet': startup date [Fri May 18 02:55:44 JST 2018]; parent: Root WebApplicationContext
19-May-2018 12:36:54.237 정보 [main] org.apache.catalina.core.ApplicationContext.log Closing Spring root WebApplicationContext
19-May-2018 12:36:54.252 정보 [main] org.springframework.web.context.support.XmlWebApplicationContext.doClose Closing Root WebApplicationContext: startup date [Fri May 18 02:55:41 JST 2018]; root of context hierarchy
19-May-2018 12:36:54.268 정보 [main] org.apache.catalina.core.ApplicationContext.log Destroying Spring FrameworkServlet 'action'
19-May-2018 12:36:54.268 정보 [main] org.springframework.web.context.support.XmlWebApplicationContext.doClose Closing WebApplicationContext for namespace 'action-servlet': startup date [Fri May 18 02:55:48 JST 2018]; parent: Root WebApplicationContext
19-May-2018 12:36:54.283 정보 [main] org.apache.catalina.core.ApplicationContext.log Closing Spring root WebApplicationContext
19-May-2018 12:36:54.283 정보 [main] org.springframework.web.context.support.XmlWebApplicationContext.doClose Closing Root WebApplicationContext: startup date [Fri May 18 02:55:47 JST 2018]; root of context hierarchy
19-May-2018 12:36:54.315 정보 [main] org.apache.catalina.core.ApplicationContext.log Destroying Spring FrameworkServlet 'action'
19-May-2018 12:36:54.315 정보 [main] org.springframework.web.context.support.XmlWebApplicationContext.doClose Closing WebApplicationContext for namespace 'action-servlet': startup date [Fri May 18 02:55:51 JST 2018]; parent: Root WebApplicationContext
19-May-2018 12:36:54.330 정보 [main] org.apache.catalina.core.ApplicationContext.log Closing Spring root WebApplicationContext
19-May-2018 12:36:54.330 정보 [main] org.springframework.web.context.support.XmlWebApplicationContext.doClose Closing Root WebApplicationContext: startup date [Fri May 18 02:55:51 JST 2018]; root of context hierarchy
19-May-2018 12:36:54.346 정보 [main] org.apache.catalina.core.ApplicationContext.log Destroying Spring FrameworkServlet 'action'
19-May-2018 12:36:54.346 정보 [main] org.springframework.web.context.support.XmlWebApplicationContext.doClose Closing WebApplicationContext for namespace 'action-servlet': startup date [Fri May 18 02:55:56 JST 2018]; parent: Root WebApplicationContext
19-May-2018 12:36:54.361 정보 [main] org.apache.catalina.core.ApplicationContext.log Closing Spring root WebApplicationContext
19-May-2018 12:36:54.361 정보 [main] org.springframework.web.context.support.XmlWebApplicationContext.doClose Closing Root WebApplicationContext: startup date [Fri May 18 02:55:54 JST 2018]; root of context hierarchy
19-May-2018 12:36:54.377 정보 [main] org.apache.catalina.core.ApplicationContext.log Destroying Spring FrameworkServlet 'action'
19-May-2018 12:36:54.393 정보 [main] org.springframework.web.context.support.XmlWebApplicationContext.doClose Closing WebApplicationContext for namespace 'action-servlet': startup date [Fri May 18 02:56:00 JST 2018]; parent: Root WebApplicationContext
19-May-2018 12:36:54.393 정보 [main] org.apache.catalina.core.ApplicationContext.log Closing Spring root WebApplicationContext
19-May-2018 12:36:54.393 정보 [main] org.springframework.web.context.support.XmlWebApplicationContext.doClose Closing Root WebApplicationContext: startup date [Fri May 18 02:55:59 JST 2018]; root of context hierarchy
19-May-2018 12:36:54.424 정보 [main] org.apache.catalina.core.ApplicationContext.log Destroying Spring FrameworkServlet 'action'
19-May-2018 12:36:54.424 정보 [main] org.springframework.web.context.support.XmlWebApplicationContext.doClose Closing WebApplicationContext for namespace 'action-servlet': startup date [Fri May 18 02:56:05 JST 2018]; parent: Root WebApplicationContext
19-May-2018 12:36:54.439 정보 [main] org.apache.catalina.core.ApplicationContext.log Closing Spring root WebApplicationContext
19-May-2018 12:36:54.439 정보 [main] org.springframework.web.context.support.XmlWebApplicationContext.doClose Closing Root WebApplicationContext: startup date [Fri May 18 02:56:03 JST 2018]; root of context hierarchy
19-May-2018 12:36:54.455 정보 [main] org.apache.catalina.core.ApplicationContext.log Destroying Spring FrameworkServlet 'action'
19-May-2018 12:36:54.455 정보 [main] org.springframework.web.context.support.XmlWebApplicationContext.doClose Closing WebApplicationContext for namespace 'action-servlet': startup date [Fri May 18 02:56:11 JST 2018]; parent: Root WebApplicationContext
19-May-2018 12:36:54.471 정보 [main] org.apache.catalina.core.ApplicationContext.log Closing Spring root WebApplicationContext
19-May-2018 12:36:54.471 정보 [main] org.springframework.web.context.support.XmlWebApplicationContext.doClose Closing Root WebApplicationContext: startup date [Fri May 18 02:56:08 JST 2018]; root of context hierarchy
19-May-2018 12:36:54.486 정보 [main] org.apache.catalina.core.ApplicationContext.log Destroying Spring FrameworkServlet 'action'
19-May-2018 12:36:54.502 정보 [main] org.springframework.web.context.support.XmlWebApplicationContext.doClose Closing WebApplicationContext for namespace 'action-servlet': startup date [Fri May 18 02:56:14 JST 2018]; parent: Root WebApplicationContext
19-May-2018 12:36:54.502 정보 [main] org.apache.catalina.core.ApplicationContext.log Closing Spring root WebApplicationContext
19-May-2018 12:36:54.502 정보 [main] org.springframework.web.context.support.XmlWebApplicationContext.doClose Closing Root WebApplicationContext: startup date [Fri May 18 02:56:14 JST 2018]; root of context hierarchy
19-May-2018 12:36:54.533 정보 [main] org.apache.catalina.core.ApplicationContext.log Destroying Spring FrameworkServlet 'action'
19-May-2018 12:36:54.533 정보 [main] org.springframework.web.context.support.XmlWebApplicationContext.doClose Closing WebApplicationContext for namespace 'action-servlet': startup date [Fri May 18 02:56:18 JST 2018]; parent: Root WebApplicationContext
19-May-2018 12:36:54.549 정보 [main] org.apache.catalina.core.ApplicationContext.log Closing Spring root WebApplicationContext
19-May-2018 12:36:54.549 정보 [main] org.springframework.web.context.support.XmlWebApplicationContext.doClose Closing Root WebApplicationContext: startup date [Fri May 18 02:56:17 JST 2018]; root of context hierarchy
19-May-2018 12:36:54.564 정보 [main] org.apache.catalina.core.ApplicationContext.log Destroying Spring FrameworkServlet 'action'
19-May-2018 12:36:54.564 정보 [main] org.springframework.web.context.support.XmlWebApplicationContext.doClose Closing WebApplicationContext for namespace 'action-servlet': startup date [Fri May 18 02:56:23 JST 2018]; parent: Root WebApplicationContext
19-May-2018 12:36:54.580 정보 [main] org.apache.catalina.core.ApplicationContext.log Closing Spring root WebApplicationContext
19-May-2018 12:36:54.580 정보 [main] org.springframework.web.context.support.XmlWebApplicationContext.doClose Closing Root WebApplicationContext: startup date [Fri May 18 02:56:20 JST 2018]; root of context hierarchy
19-May-2018 12:36:54.595 정보 [main] org.apache.catalina.core.ApplicationContext.log Destroying Spring FrameworkServlet 'action'
19-May-2018 12:36:54.611 정보 [main] org.springframework.web.context.support.XmlWebApplicationContext.doClose Closing WebApplicationContext for namespace 'action-servlet': startup date [Fri May 18 02:56:27 JST 2018]; parent: Root WebApplicationContext
19-May-2018 12:36:54.611 정보 [main] org.apache.catalina.core.ApplicationContext.log Closing Spring root WebApplicationContext
19-May-2018 12:36:54.611 정보 [main] org.springframework.web.context.support.XmlWebApplicationContext.doClose Closing Root WebApplicationContext: startup date [Fri May 18 02:56:26 JST 2018]; root of context hierarchy
19-May-2018 12:36:54.642 정보 [main] org.apache.coyote.AbstractProtocol.stop Stopping ProtocolHandler ["http-nio-80"]
19-May-2018 12:36:54.642 정보 [main] org.apache.coyote.AbstractProtocol.stop Stopping ProtocolHandler ["ajp-nio-8009"]
19-May-2018 12:36:54.642 정보 [main] org.apache.coyote.AbstractProtocol.destroy Destroying ProtocolHandler ["http-nio-80"]
19-May-2018 12:36:54.658 정보 [main] org.apache.coyote.AbstractProtocol.destroy Destroying ProtocolHandler ["ajp-nio-8009"]
